Compiling the C compiler identification source file "CMakeCCompilerId.c" failed.
Compiler: C:/Program Files/Visual Studio/VC/Tools/MSVC/14.22.27905/bin/HostX64/x64/cl.exe 
Build flags: 
Id flags:  

The output was:
2
ÓÃÓÚ x64 µÄ Microsoft (R) C/C++ ÓÅ»¯±àÒëÆ÷ 19.22.27905 °æ
°æÈ¨ËùÓĞ(C) Microsoft Corporation¡£±£ÁôËùÓĞÈ¨Àû¡£

CMakeCCompilerId.c
Microsoft (R) Incremental Linker Version 14.22.27905.0
Copyright (C) Microsoft Corporation.  All rights reserved.

/out:CMakeCCompilerId.exe 
CMakeCCompilerId.obj 
LINK : fatal error LNK1104: ÎŞ·¨´ò¿ªÎÄ¼ş¡°kernel32.lib¡±


Compiling the CXX compiler identification source file "CMakeCXXCompilerId.cpp" failed.
Compiler: C:/Program Files/Visual Studio/VC/Tools/MSVC/14.22.27905/bin/HostX64/x64/cl.exe 
Build flags: 
Id flags:  

The output was:
2
ÓÃÓÚ x64 µÄ Microsoft (R) C/C++ ÓÅ»¯±àÒëÆ÷ 19.22.27905 °æ
°æÈ¨ËùÓĞ(C) Microsoft Corporation¡£±£ÁôËùÓĞÈ¨Àû¡£

CMakeCXXCompilerId.cpp
Microsoft (R) Incremental Linker Version 14.22.27905.0
Copyright (C) Microsoft Corporation.  All rights reserved.

/out:CMakeCXXCompilerId.exe 
CMakeCXXCompilerId.obj 
LINK : fatal error LNK1104: ÎŞ·¨´ò¿ªÎÄ¼ş¡°kernel32.lib¡±


Determining if the C compiler works failed with the following output:
Change Dir: D:/Truman-CS180-Course/lab03a/out/build/x64-Debug/CMakeFiles/CMakeTmp

Run Build Command(s):C:/Program Files/Visual Studio/Common7/IDE/CommonExtensions/Microsoft/CMake/Ninja/ninja.exe cmTC_d6913 
[1/2] Building C object CMakeFiles\cmTC_d6913.dir\testCCompiler.c.obj
[2/2] Linking C executable cmTC_d6913.exe
FAILED: cmTC_d6913.exe 
cmd.exe /C "cd . && "C:\Program Files\Visual Studio\Common7\IDE\CommonExtensions\Microsoft\CMake\CMake\bin\cmake.exe" -E vs_link_exe --intdir=CMakeFiles\cmTC_d6913.dir --rc=rc --mt=CMAKE_MT-NOTFOUND --manifests  -- C:\PROGRA~1\VISUAL~1\VC\Tools\MSVC\1422~1.279\bin\Hostx64\x64\link.exe /nologo CMakeFiles\cmTC_d6913.dir\testCCompiler.c.obj  /out:cmTC_d6913.exe /implib:cmTC_d6913.lib /pdb:cmTC_d6913.pdb /version:0.0  /machine:x64  /debug /INCREMENTAL /subsystem:console  kernel32.lib user32.lib gdi32.lib winspool.lib shell32.lib ole32.lib oleaut32.lib uuid.lib comdlg32.lib advapi32.lib && cd ."
RC Pass 1: command "rc /foCMakeFiles\cmTC_d6913.dir/manifest.res CMakeFiles\cmTC_d6913.dir/manifest.rc" failed (exit code 0) with the following output:
ç³»ç»Ÿæ‰¾ä¸åˆ°æŒ‡å®šçš„æ–‡ä»¶ã€‚
ninja: build stopped: subcommand failed.


Compiling the C compiler identification source file "CMakeCCompilerId.c" failed.
Compiler: C:/Program Files/Visual Studio/VC/Tools/MSVC/14.22.27905/bin/HostX64/x64/cl.exe 
Build flags: /DWIN32;/D_WINDOWS;/W3
Id flags:  

The output was:
2
ÓÃÓÚ x64 µÄ Microsoft (R) C/C++ ÓÅ»¯±àÒëÆ÷ 19.22.27905 °æ
°æÈ¨ËùÓĞ(C) Microsoft Corporation¡£±£ÁôËùÓĞÈ¨Àû¡£

CMakeCCompilerId.c
Microsoft (R) Incremental Linker Version 14.22.27905.0
Copyright (C) Microsoft Corporation.  All rights reserved.

/out:CMakeCCompilerId.exe 
CMakeCCompilerId.obj 
LINK : fatal error LNK1104: ÎŞ·¨´ò¿ªÎÄ¼ş¡°kernel32.lib¡±


Compiling the CXX compiler identification source file "CMakeCXXCompilerId.cpp" failed.
Compiler: C:/Program Files/Visual Studio/VC/Tools/MSVC/14.22.27905/bin/HostX64/x64/cl.exe 
Build flags: 
Id flags:  

The output was:
2
ÓÃÓÚ x64 µÄ Microsoft (R) C/C++ ÓÅ»¯±àÒëÆ÷ 19.22.27905 °æ
°æÈ¨ËùÓĞ(C) Microsoft Corporation¡£±£ÁôËùÓĞÈ¨Àû¡£

CMakeCXXCompilerId.cpp
Microsoft (R) Incremental Linker Version 14.22.27905.0
Copyright (C) Microsoft Corporation.  All rights reserved.

/out:CMakeCXXCompilerId.exe 
CMakeCXXCompilerId.obj 
LINK : fatal error LNK1104: ÎŞ·¨´ò¿ªÎÄ¼ş¡°kernel32.lib¡±


Determining if the C compiler works failed with the following output:
Change Dir: D:/Truman-CS180-Course/lab03a/out/build/x64-Debug/CMakeFiles/CMakeTmp

Run Build Command(s):C:/Program Files/Visual Studio/Common7/IDE/CommonExtensions/Microsoft/CMake/Ninja/ninja.exe cmTC_eca90 
[1/2] Building C object CMakeFiles\cmTC_eca90.dir\testCCompiler.c.obj
[2/2] Linking C executable cmTC_eca90.exe
FAILED: cmTC_eca90.exe 
cmd.exe /C "cd . && "C:\Program Files\Visual Studio\Common7\IDE\CommonExtensions\Microsoft\CMake\CMake\bin\cmake.exe" -E vs_link_exe --intdir=CMakeFiles\cmTC_eca90.dir --rc=rc --mt=CMAKE_MT-NOTFOUND --manifests  -- C:\PROGRA~1\VISUAL~1\VC\Tools\MSVC\1422~1.279\bin\Hostx64\x64\link.exe /nologo CMakeFiles\cmTC_eca90.dir\testCCompiler.c.obj  /out:cmTC_eca90.exe /implib:cmTC_eca90.lib /pdb:cmTC_eca90.pdb /version:0.0  /machine:x64  /debug /INCREMENTAL /subsystem:console  kernel32.lib user32.lib gdi32.lib winspool.lib shell32.lib ole32.lib oleaut32.lib uuid.lib comdlg32.lib advapi32.lib && cd ."
RC Pass 1: command "rc /foCMakeFiles\cmTC_eca90.dir/manifest.res CMakeFiles\cmTC_eca90.dir/manifest.rc" failed (exit code 0) with the following output:
ç³»ç»Ÿæ‰¾ä¸åˆ°æŒ‡å®šçš„æ–‡ä»¶ã€‚
ninja: build stopped: subcommand failed.


Compiling the C compiler identification source file "CMakeCCompilerId.c" failed.
Compiler: C:/Program Files/Visual Studio/VC/Tools/MSVC/14.22.27905/bin/HostX64/x64/cl.exe 
Build flags: /DWIN32;/D_WINDOWS;/W3
Id flags:  

The output was:
2
ÓÃÓÚ x64 µÄ Microsoft (R) C/C++ ÓÅ»¯±àÒëÆ÷ 19.22.27905 °æ
°æÈ¨ËùÓĞ(C) Microsoft Corporation¡£±£ÁôËùÓĞÈ¨Àû¡£

CMakeCCompilerId.c
Microsoft (R) Incremental Linker Version 14.22.27905.0
Copyright (C) Microsoft Corporation.  All rights reserved.

/out:CMakeCCompilerId.exe 
CMakeCCompilerId.obj 
LINK : fatal error LNK1104: ÎŞ·¨´ò¿ªÎÄ¼ş¡°kernel32.lib¡±


Compiling the CXX compiler identification source file "CMakeCXXCompilerId.cpp" failed.
Compiler: C:/Program Files/Visual Studio/VC/Tools/MSVC/14.22.27905/bin/HostX64/x64/cl.exe 
Build flags: 
Id flags:  

The output was:
2
ÓÃÓÚ x64 µÄ Microsoft (R) C/C++ ÓÅ»¯±àÒëÆ÷ 19.22.27905 °æ
°æÈ¨ËùÓĞ(C) Microsoft Corporation¡£±£ÁôËùÓĞÈ¨Àû¡£

CMakeCXXCompilerId.cpp
Microsoft (R) Incremental Linker Version 14.22.27905.0
Copyright (C) Microsoft Corporation.  All rights reserved.

/out:CMakeCXXCompilerId.exe 
CMakeCXXCompilerId.obj 
LINK : fatal error LNK1104: ÎŞ·¨´ò¿ªÎÄ¼ş¡°kernel32.lib¡±


Determining if the C compiler works failed with the following output:
Change Dir: D:/Truman-CS180-Course/lab03a/out/build/x64-Debug/CMakeFiles/CMakeTmp

Run Build Command(s):C:/Program Files/Visual Studio/Common7/IDE/CommonExtensions/Microsoft/CMake/Ninja/ninja.exe cmTC_0a6d4 
[1/2] Building C object CMakeFiles\cmTC_0a6d4.dir\testCCompiler.c.obj
[2/2] Linking C executable cmTC_0a6d4.exe
FAILED: cmTC_0a6d4.exe 
cmd.exe /C "cd . && "C:\Program Files\Visual Studio\Common7\IDE\CommonExtensions\Microsoft\CMake\CMake\bin\cmake.exe" -E vs_link_exe --intdir=CMakeFiles\cmTC_0a6d4.dir --rc=rc --mt=CMAKE_MT-NOTFOUND --manifests  -- C:\PROGRA~1\VISUAL~1\VC\Tools\MSVC\1422~1.279\bin\Hostx64\x64\link.exe /nologo CMakeFiles\cmTC_0a6d4.dir\testCCompiler.c.obj  /out:cmTC_0a6d4.exe /implib:cmTC_0a6d4.lib /pdb:cmTC_0a6d4.pdb /version:0.0  /machine:x64  /debug /INCREMENTAL /subsystem:console  kernel32.lib user32.lib gdi32.lib winspool.lib shell32.lib ole32.lib oleaut32.lib uuid.lib comdlg32.lib advapi32.lib && cd ."
RC Pass 1: command "rc /foCMakeFiles\cmTC_0a6d4.dir/manifest.res CMakeFiles\cmTC_0a6d4.dir/manifest.rc" failed (exit code 0) with the following output:
ç³»ç»Ÿæ‰¾ä¸åˆ°æŒ‡å®šçš„æ–‡ä»¶ã€‚
ninja: build stopped: subcommand failed.


Compiling the C compiler identification source file "CMakeCCompilerId.c" failed.
Compiler: C:/Program Files/Visual Studio/VC/Tools/MSVC/14.22.27905/bin/HostX64/x64/cl.exe 
Build flags: /DWIN32;/D_WINDOWS;/W3
Id flags:  

The output was:
2
ÓÃÓÚ x64 µÄ Microsoft (R) C/C++ ÓÅ»¯±àÒëÆ÷ 19.22.27905 °æ
°æÈ¨ËùÓĞ(C) Microsoft Corporation¡£±£ÁôËùÓĞÈ¨Àû¡£

CMakeCCompilerId.c
Microsoft (R) Incremental Linker Version 14.22.27905.0
Copyright (C) Microsoft Corporation.  All rights reserved.

/out:CMakeCCompilerId.exe 
CMakeCCompilerId.obj 
LINK : fatal error LNK1104: ÎŞ·¨´ò¿ªÎÄ¼ş¡°kernel32.lib¡±


Compiling the CXX compiler identification source file "CMakeCXXCompilerId.cpp" failed.
Compiler: C:/Program Files/Visual Studio/VC/Tools/MSVC/14.22.27905/bin/HostX64/x64/cl.exe 
Build flags: 
Id flags:  

The output was:
2
ÓÃÓÚ x64 µÄ Microsoft (R) C/C++ ÓÅ»¯±àÒëÆ÷ 19.22.27905 °æ
°æÈ¨ËùÓĞ(C) Microsoft Corporation¡£±£ÁôËùÓĞÈ¨Àû¡£

CMakeCXXCompilerId.cpp
Microsoft (R) Incremental Linker Version 14.22.27905.0
Copyright (C) Microsoft Corporation.  All rights reserved.

/out:CMakeCXXCompilerId.exe 
CMakeCXXCompilerId.obj 
LINK : fatal error LNK1104: ÎŞ·¨´ò¿ªÎÄ¼ş¡°kernel32.lib¡±


Determining if the C compiler works failed with the following output:
Change Dir: D:/Truman-CS180-Course/lab03a/out/build/x64-Debug/CMakeFiles/CMakeTmp

Run Build Command(s):C:/Program Files/Visual Studio/Common7/IDE/CommonExtensions/Microsoft/CMake/Ninja/ninja.exe cmTC_2e4dd 
[1/2] Building C object CMakeFiles\cmTC_2e4dd.dir\testCCompiler.c.obj
[2/2] Linking C executable cmTC_2e4dd.exe
FAILED: cmTC_2e4dd.exe 
cmd.exe /C "cd . && "C:\Program Files\Visual Studio\Common7\IDE\CommonExtensions\Microsoft\CMake\CMake\bin\cmake.exe" -E vs_link_exe --intdir=CMakeFiles\cmTC_2e4dd.dir --rc=rc --mt=CMAKE_MT-NOTFOUND --manifests  -- C:\PROGRA~1\VISUAL~1\VC\Tools\MSVC\1422~1.279\bin\Hostx64\x64\link.exe /nologo CMakeFiles\cmTC_2e4dd.dir\testCCompiler.c.obj  /out:cmTC_2e4dd.exe /implib:cmTC_2e4dd.lib /pdb:cmTC_2e4dd.pdb /version:0.0  /machine:x64  /debug /INCREMENTAL /subsystem:console  kernel32.lib user32.lib gdi32.lib winspool.lib shell32.lib ole32.lib oleaut32.lib uuid.lib comdlg32.lib advapi32.lib && cd ."
RC Pass 1: command "rc /foCMakeFiles\cmTC_2e4dd.dir/manifest.res CMakeFiles\cmTC_2e4dd.dir/manifest.rc" failed (exit code 0) with the following output:
ç³»ç»Ÿæ‰¾ä¸åˆ°æŒ‡å®šçš„æ–‡ä»¶ã€‚
ninja: build stopped: subcommand failed.


Compiling the C compiler identification source file "CMakeCCompilerId.c" failed.
Compiler: C:/Program Files/Visual Studio/VC/Tools/MSVC/14.22.27905/bin/HostX64/x64/cl.exe 
Build flags: /DWIN32;/D_WINDOWS;/W3
Id flags:  

The output was:
2
ÓÃÓÚ x64 µÄ Microsoft (R) C/C++ ÓÅ»¯±àÒëÆ÷ 19.22.27905 °æ
°æÈ¨ËùÓĞ(C) Microsoft Corporation¡£±£ÁôËùÓĞÈ¨Àû¡£

CMakeCCompilerId.c
Microsoft (R) Incremental Linker Version 14.22.27905.0
Copyright (C) Microsoft Corporation.  All rights reserved.

/out:CMakeCCompilerId.exe 
CMakeCCompilerId.obj 
LINK : fatal error LNK1104: ÎŞ·¨´ò¿ªÎÄ¼ş¡°kernel32.lib¡±


Compiling the CXX compiler identification source file "CMakeCXXCompilerId.cpp" failed.
Compiler: C:/Program Files/Visual Studio/VC/Tools/MSVC/14.22.27905/bin/HostX64/x64/cl.exe 
Build flags: 
Id flags:  

The output was:
2
ÓÃÓÚ x64 µÄ Microsoft (R) C/C++ ÓÅ»¯±àÒëÆ÷ 19.22.27905 °æ
°æÈ¨ËùÓĞ(C) Microsoft Corporation¡£±£ÁôËùÓĞÈ¨Àû¡£

CMakeCXXCompilerId.cpp
Microsoft (R) Incremental Linker Version 14.22.27905.0
Copyright (C) Microsoft Corporation.  All rights reserved.

/out:CMakeCXXCompilerId.exe 
CMakeCXXCompilerId.obj 
LINK : fatal error LNK1104: ÎŞ·¨´ò¿ªÎÄ¼ş¡°kernel32.lib¡±


Determining if the C compiler works failed with the following output:
Change Dir: D:/Truman-CS180-Course/lab03a/out/build/x64-Debug/CMakeFiles/CMakeTmp

Run Build Command(s):C:/Program Files/Visual Studio/Common7/IDE/CommonExtensions/Microsoft/CMake/Ninja/ninja.exe cmTC_f80e5 
[1/2] Building C object CMakeFiles\cmTC_f80e5.dir\testCCompiler.c.obj
[2/2] Linking C executable cmTC_f80e5.exe
FAILED: cmTC_f80e5.exe 
cmd.exe /C "cd . && "C:\Program Files\Visual Studio\Common7\IDE\CommonExtensions\Microsoft\CMake\CMake\bin\cmake.exe" -E vs_link_exe --intdir=CMakeFiles\cmTC_f80e5.dir --rc=rc --mt=CMAKE_MT-NOTFOUND --manifests  -- C:\PROGRA~1\VISUAL~1\VC\Tools\MSVC\1422~1.279\bin\Hostx64\x64\link.exe /nologo CMakeFiles\cmTC_f80e5.dir\testCCompiler.c.obj  /out:cmTC_f80e5.exe /implib:cmTC_f80e5.lib /pdb:cmTC_f80e5.pdb /version:0.0  /machine:x64  /debug /INCREMENTAL /subsystem:console  kernel32.lib user32.lib gdi32.lib winspool.lib shell32.lib ole32.lib oleaut32.lib uuid.lib comdlg32.lib advapi32.lib && cd ."
RC Pass 1: command "rc /foCMakeFiles\cmTC_f80e5.dir/manifest.res CMakeFiles\cmTC_f80e5.dir/manifest.rc" failed (exit code 0) with the following output:
ç³»ç»Ÿæ‰¾ä¸åˆ°æŒ‡å®šçš„æ–‡ä»¶ã€‚
ninja: build stopped: subcommand failed.


