Compiling the C compiler identification source file "CMakeCCompilerId.c" failed.
Compiler: C:/Program Files/Visual Studio/VC/Tools/MSVC/14.22.27905/bin/HostX64/x64/cl.exe 
Build flags: /DWIN32;/D_WINDOWS;/W3
Id flags:  

The output was:
2
ÓÃÓÚ x64 µÄ Microsoft (R) C/C++ ÓÅ»¯±àÒëÆ÷ 19.22.27905 °æ
°æÈ¨ËùÓĞ(C) Microsoft Corporation¡£±£ÁôËùÓĞÈ¨Àû¡£

CMakeCCompilerId.c
Microsoft (R) Incremental Linker Version 14.22.27905.0
Copyright (C) Microsoft Corporation.  All rights reserved.

/out:CMakeCCompilerId.exe 
CMakeCCompilerId.obj 
LINK : fatal error LNK1104: ÎŞ·¨´ò¿ªÎÄ¼ş¡°kernel32.lib¡±


Compiling the CXX compiler identification source file "CMakeCXXCompilerId.cpp" failed.
Compiler: C:/Program Files/Visual Studio/VC/Tools/MSVC/14.22.27905/bin/HostX64/x64/cl.exe 
Build flags: /DWIN32;/D_WINDOWS;/W3;/GR;/EHsc
Id flags:  

The output was:
2
ÓÃÓÚ x64 µÄ Microsoft (R) C/C++ ÓÅ»¯±àÒëÆ÷ 19.22.27905 °æ
°æÈ¨ËùÓĞ(C) Microsoft Corporation¡£±£ÁôËùÓĞÈ¨Àû¡£

CMakeCXXCompilerId.cpp
Microsoft (R) Incremental Linker Version 14.22.27905.0
Copyright (C) Microsoft Corporation.  All rights reserved.

/out:CMakeCXXCompilerId.exe 
CMakeCXXCompilerId.obj 
LINK : fatal error LNK1104: ÎŞ·¨´ò¿ªÎÄ¼ş¡°kernel32.lib¡±


Determining if the C compiler works failed with the following output:
Change Dir: D:/Truman-CS180-Course/Hello World/out/build/x64-Debug/CMakeFiles/CMakeTmp

Run Build Command(s):C:/Program Files/Visual Studio/Common7/IDE/CommonExtensions/Microsoft/CMake/Ninja/ninja.exe cmTC_c4c64 
[1/2] Building C object CMakeFiles\cmTC_c4c64.dir\testCCompiler.c.obj
[2/2] Linking C executable cmTC_c4c64.exe
FAILED: cmTC_c4c64.exe 
cmd.exe /C "cd . && "C:\Program Files\Visual Studio\Common7\IDE\CommonExtensions\Microsoft\CMake\CMake\bin\cmake.exe" -E vs_link_exe --intdir=CMakeFiles\cmTC_c4c64.dir --rc="D:\Visual Studio\bin\10.0.18362.0\x64\rc.exe" --mt="D:\Visual Studio\bin\10.0.18362.0\x64\mt.exe" --manifests  -- C:\PROGRA~2\MICROS~1\2019\COMMUN~1\VC\Tools\MSVC\1421~1.277\bin\Hostx64\x64\link.exe /nologo CMakeFiles\cmTC_c4c64.dir\testCCompiler.c.obj  /out:cmTC_c4c64.exe /implib:cmTC_c4c64.lib /pdb:cmTC_c4c64.pdb /version:0.0  /machine:x64  /debug /INCREMENTAL /subsystem:console  kernel32.lib user32.lib gdi32.lib winspool.lib shell32.lib ole32.lib oleaut32.lib uuid.lib comdlg32.lib advapi32.lib && cd ."
RC Pass 1: command "D:\Visual Studio\bin\10.0.18362.0\x64\rc.exe /foCMakeFiles\cmTC_c4c64.dir/manifest.res CMakeFiles\cmTC_c4c64.dir/manifest.rc" failed (exit code 0) with the following output:
ç³»ç»Ÿæ‰¾ä¸åˆ°æŒ‡å®šçš„æ–‡ä»¶ã€‚
ninja: build stopped: subcommand failed.


Compiling the C compiler identification source file "CMakeCCompilerId.c" failed.
Compiler: C:/Program Files/Visual Studio/VC/Tools/MSVC/14.22.27905/bin/HostX64/x64/cl.exe 
Build flags: /DWIN32;/D_WINDOWS;/W3
Id flags:  

The output was:
2
ÓÃÓÚ x64 µÄ Microsoft (R) C/C++ ÓÅ»¯±àÒëÆ÷ 19.22.27905 °æ
°æÈ¨ËùÓĞ(C) Microsoft Corporation¡£±£ÁôËùÓĞÈ¨Àû¡£

CMakeCCompilerId.c
Microsoft (R) Incremental Linker Version 14.22.27905.0
Copyright (C) Microsoft Corporation.  All rights reserved.

/out:CMakeCCompilerId.exe 
CMakeCCompilerId.obj 
LINK : fatal error LNK1104: ÎŞ·¨´ò¿ªÎÄ¼ş¡°kernel32.lib¡±


Compiling the CXX compiler identification source file "CMakeCXXCompilerId.cpp" failed.
Compiler: C:/Program Files/Visual Studio/VC/Tools/MSVC/14.22.27905/bin/HostX64/x64/cl.exe 
Build flags: /DWIN32;/D_WINDOWS;/W3;/GR;/EHsc
Id flags:  

The output was:
2
ÓÃÓÚ x64 µÄ Microsoft (R) C/C++ ÓÅ»¯±àÒëÆ÷ 19.22.27905 °æ
°æÈ¨ËùÓĞ(C) Microsoft Corporation¡£±£ÁôËùÓĞÈ¨Àû¡£

CMakeCXXCompilerId.cpp
Microsoft (R) Incremental Linker Version 14.22.27905.0
Copyright (C) Microsoft Corporation.  All rights reserved.

/out:CMakeCXXCompilerId.exe 
CMakeCXXCompilerId.obj 
LINK : fatal error LNK1104: ÎŞ·¨´ò¿ªÎÄ¼ş¡°kernel32.lib¡±


Determining if the C compiler works failed with the following output:
Change Dir: D:/Truman-CS180-Course/Hello World/out/build/x64-Debug/CMakeFiles/CMakeTmp

Run Build Command(s):C:/Program Files/Visual Studio/Common7/IDE/CommonExtensions/Microsoft/CMake/Ninja/ninja.exe cmTC_d2ea6 
[1/2] Building C object CMakeFiles\cmTC_d2ea6.dir\testCCompiler.c.obj
[2/2] Linking C executable cmTC_d2ea6.exe
FAILED: cmTC_d2ea6.exe 
cmd.exe /C "cd . && "C:\Program Files\Visual Studio\Common7\IDE\CommonExtensions\Microsoft\CMake\CMake\bin\cmake.exe" -E vs_link_exe --intdir=CMakeFiles\cmTC_d2ea6.dir --rc="D:\Visual Studio\bin\10.0.18362.0\x64\rc.exe" --mt="D:\Visual Studio\bin\10.0.18362.0\x64\mt.exe" --manifests  -- C:\PROGRA~2\MICROS~1\2019\COMMUN~1\VC\Tools\MSVC\1421~1.277\bin\Hostx64\x64\link.exe /nologo CMakeFiles\cmTC_d2ea6.dir\testCCompiler.c.obj  /out:cmTC_d2ea6.exe /implib:cmTC_d2ea6.lib /pdb:cmTC_d2ea6.pdb /version:0.0  /machine:x64  /debug /INCREMENTAL /subsystem:console  kernel32.lib user32.lib gdi32.lib winspool.lib shell32.lib ole32.lib oleaut32.lib uuid.lib comdlg32.lib advapi32.lib && cd ."
RC Pass 1: command "D:\Visual Studio\bin\10.0.18362.0\x64\rc.exe /foCMakeFiles\cmTC_d2ea6.dir/manifest.res CMakeFiles\cmTC_d2ea6.dir/manifest.rc" failed (exit code 0) with the following output:
ç³»ç»Ÿæ‰¾ä¸åˆ°æŒ‡å®šçš„æ–‡ä»¶ã€‚
ninja: build stopped: subcommand failed.


Compiling the C compiler identification source file "CMakeCCompilerId.c" failed.
Compiler: C:/Program Files/Visual Studio/VC/Tools/MSVC/14.22.27905/bin/HostX64/x64/cl.exe 
Build flags: /DWIN32;/D_WINDOWS;/W3
Id flags:  

The output was:
2
ÓÃÓÚ x64 µÄ Microsoft (R) C/C++ ÓÅ»¯±àÒëÆ÷ 19.22.27905 °æ
°æÈ¨ËùÓĞ(C) Microsoft Corporation¡£±£ÁôËùÓĞÈ¨Àû¡£

CMakeCCompilerId.c
Microsoft (R) Incremental Linker Version 14.22.27905.0
Copyright (C) Microsoft Corporation.  All rights reserved.

/out:CMakeCCompilerId.exe 
CMakeCCompilerId.obj 
LINK : fatal error LNK1104: ÎŞ·¨´ò¿ªÎÄ¼ş¡°kernel32.lib¡±


Compiling the CXX compiler identification source file "CMakeCXXCompilerId.cpp" failed.
Compiler: C:/Program Files/Visual Studio/VC/Tools/MSVC/14.22.27905/bin/HostX64/x64/cl.exe 
Build flags: /DWIN32;/D_WINDOWS;/W3;/GR;/EHsc
Id flags:  

The output was:
2
ÓÃÓÚ x64 µÄ Microsoft (R) C/C++ ÓÅ»¯±àÒëÆ÷ 19.22.27905 °æ
°æÈ¨ËùÓĞ(C) Microsoft Corporation¡£±£ÁôËùÓĞÈ¨Àû¡£

CMakeCXXCompilerId.cpp
Microsoft (R) Incremental Linker Version 14.22.27905.0
Copyright (C) Microsoft Corporation.  All rights reserved.

/out:CMakeCXXCompilerId.exe 
CMakeCXXCompilerId.obj 
LINK : fatal error LNK1104: ÎŞ·¨´ò¿ªÎÄ¼ş¡°kernel32.lib¡±


Determining if the C compiler works failed with the following output:
Change Dir: D:/Truman-CS180-Course/Hello World/out/build/x64-Debug/CMakeFiles/CMakeTmp

Run Build Command(s):C:/Program Files/Visual Studio/Common7/IDE/CommonExtensions/Microsoft/CMake/Ninja/ninja.exe cmTC_6aeb1 
[1/2] Building C object CMakeFiles\cmTC_6aeb1.dir\testCCompiler.c.obj
[2/2] Linking C executable cmTC_6aeb1.exe
FAILED: cmTC_6aeb1.exe 
cmd.exe /C "cd . && "C:\Program Files\Visual Studio\Common7\IDE\CommonExtensions\Microsoft\CMake\CMake\bin\cmake.exe" -E vs_link_exe --intdir=CMakeFiles\cmTC_6aeb1.dir --rc="D:\Visual Studio\bin\10.0.18362.0\x64\rc.exe" --mt="D:\Visual Studio\bin\10.0.18362.0\x64\mt.exe" --manifests  -- C:\PROGRA~2\MICROS~1\2019\COMMUN~1\VC\Tools\MSVC\1421~1.277\bin\Hostx64\x64\link.exe /nologo CMakeFiles\cmTC_6aeb1.dir\testCCompiler.c.obj  /out:cmTC_6aeb1.exe /implib:cmTC_6aeb1.lib /pdb:cmTC_6aeb1.pdb /version:0.0  /machine:x64  /debug /INCREMENTAL /subsystem:console  kernel32.lib user32.lib gdi32.lib winspool.lib shell32.lib ole32.lib oleaut32.lib uuid.lib comdlg32.lib advapi32.lib && cd ."
RC Pass 1: command "D:\Visual Studio\bin\10.0.18362.0\x64\rc.exe /foCMakeFiles\cmTC_6aeb1.dir/manifest.res CMakeFiles\cmTC_6aeb1.dir/manifest.rc" failed (exit code 0) with the following output:
ç³»ç»Ÿæ‰¾ä¸åˆ°æŒ‡å®šçš„æ–‡ä»¶ã€‚
ninja: build stopped: subcommand failed.


Compiling the C compiler identification source file "CMakeCCompilerId.c" failed.
Compiler: C:/Program Files/Visual Studio/VC/Tools/MSVC/14.22.27905/bin/HostX64/x64/cl.exe 
Build flags: /DWIN32;/D_WINDOWS;/W3
Id flags:  

The output was:
2
ÓÃÓÚ x64 µÄ Microsoft (R) C/C++ ÓÅ»¯±àÒëÆ÷ 19.22.27905 °æ
°æÈ¨ËùÓĞ(C) Microsoft Corporation¡£±£ÁôËùÓĞÈ¨Àû¡£

CMakeCCompilerId.c
Microsoft (R) Incremental Linker Version 14.22.27905.0
Copyright (C) Microsoft Corporation.  All rights reserved.

/out:CMakeCCompilerId.exe 
CMakeCCompilerId.obj 
LINK : fatal error LNK1104: ÎŞ·¨´ò¿ªÎÄ¼ş¡°kernel32.lib¡±


Compiling the CXX compiler identification source file "CMakeCXXCompilerId.cpp" failed.
Compiler: C:/Program Files/Visual Studio/VC/Tools/MSVC/14.22.27905/bin/HostX64/x64/cl.exe 
Build flags: /DWIN32;/D_WINDOWS;/W3;/GR;/EHsc
Id flags:  

The output was:
2
ÓÃÓÚ x64 µÄ Microsoft (R) C/C++ ÓÅ»¯±àÒëÆ÷ 19.22.27905 °æ
°æÈ¨ËùÓĞ(C) Microsoft Corporation¡£±£ÁôËùÓĞÈ¨Àû¡£

CMakeCXXCompilerId.cpp
Microsoft (R) Incremental Linker Version 14.22.27905.0
Copyright (C) Microsoft Corporation.  All rights reserved.

/out:CMakeCXXCompilerId.exe 
CMakeCXXCompilerId.obj 
LINK : fatal error LNK1104: ÎŞ·¨´ò¿ªÎÄ¼ş¡°kernel32.lib¡±


Determining if the C compiler works failed with the following output:
Change Dir: D:/Truman-CS180-Course/Hello World/out/build/x64-Debug/CMakeFiles/CMakeTmp

Run Build Command(s):C:/Program Files/Visual Studio/Common7/IDE/CommonExtensions/Microsoft/CMake/Ninja/ninja.exe cmTC_3864e 
[1/2] Building C object CMakeFiles\cmTC_3864e.dir\testCCompiler.c.obj
[2/2] Linking C executable cmTC_3864e.exe
FAILED: cmTC_3864e.exe 
cmd.exe /C "cd . && "C:\Program Files\Visual Studio\Common7\IDE\CommonExtensions\Microsoft\CMake\CMake\bin\cmake.exe" -E vs_link_exe --intdir=CMakeFiles\cmTC_3864e.dir --rc="D:\Visual Studio\bin\10.0.18362.0\x64\rc.exe" --mt="D:\Visual Studio\bin\10.0.18362.0\x64\mt.exe" --manifests  -- C:\PROGRA~2\MICROS~1\2019\COMMUN~1\VC\Tools\MSVC\1421~1.277\bin\Hostx64\x64\link.exe /nologo CMakeFiles\cmTC_3864e.dir\testCCompiler.c.obj  /out:cmTC_3864e.exe /implib:cmTC_3864e.lib /pdb:cmTC_3864e.pdb /version:0.0  /machine:x64  /debug /INCREMENTAL /subsystem:console  kernel32.lib user32.lib gdi32.lib winspool.lib shell32.lib ole32.lib oleaut32.lib uuid.lib comdlg32.lib advapi32.lib && cd ."
RC Pass 1: command "D:\Visual Studio\bin\10.0.18362.0\x64\rc.exe /foCMakeFiles\cmTC_3864e.dir/manifest.res CMakeFiles\cmTC_3864e.dir/manifest.rc" failed (exit code 0) with the following output:
ç³»ç»Ÿæ‰¾ä¸åˆ°æŒ‡å®šçš„æ–‡ä»¶ã€‚
ninja: build stopped: subcommand failed.


Compiling the C compiler identification source file "CMakeCCompilerId.c" failed.
Compiler: C:/Program Files/Visual Studio/VC/Tools/MSVC/14.22.27905/bin/HostX64/x64/cl.exe 
Build flags: /DWIN32;/D_WINDOWS;/W3
Id flags:  

The output was:
2
ÓÃÓÚ x64 µÄ Microsoft (R) C/C++ ÓÅ»¯±àÒëÆ÷ 19.22.27905 °æ
°æÈ¨ËùÓĞ(C) Microsoft Corporation¡£±£ÁôËùÓĞÈ¨Àû¡£

CMakeCCompilerId.c
Microsoft (R) Incremental Linker Version 14.22.27905.0
Copyright (C) Microsoft Corporation.  All rights reserved.

/out:CMakeCCompilerId.exe 
CMakeCCompilerId.obj 
LINK : fatal error LNK1104: ÎŞ·¨´ò¿ªÎÄ¼ş¡°kernel32.lib¡±


Compiling the CXX compiler identification source file "CMakeCXXCompilerId.cpp" failed.
Compiler: C:/Program Files/Visual Studio/VC/Tools/MSVC/14.22.27905/bin/HostX64/x64/cl.exe 
Build flags: /DWIN32;/D_WINDOWS;/W3;/GR;/EHsc
Id flags:  

The output was:
2
ÓÃÓÚ x64 µÄ Microsoft (R) C/C++ ÓÅ»¯±àÒëÆ÷ 19.22.27905 °æ
°æÈ¨ËùÓĞ(C) Microsoft Corporation¡£±£ÁôËùÓĞÈ¨Àû¡£

CMakeCXXCompilerId.cpp
Microsoft (R) Incremental Linker Version 14.22.27905.0
Copyright (C) Microsoft Corporation.  All rights reserved.

/out:CMakeCXXCompilerId.exe 
CMakeCXXCompilerId.obj 
LINK : fatal error LNK1104: ÎŞ·¨´ò¿ªÎÄ¼ş¡°kernel32.lib¡±


Determining if the C compiler works failed with the following output:
Change Dir: D:/Truman-CS180-Course/Hello World/out/build/x64-Debug/CMakeFiles/CMakeTmp

Run Build Command(s):C:/Program Files/Visual Studio/Common7/IDE/CommonExtensions/Microsoft/CMake/Ninja/ninja.exe cmTC_0c43c 
[1/2] Building C object CMakeFiles\cmTC_0c43c.dir\testCCompiler.c.obj
[2/2] Linking C executable cmTC_0c43c.exe
FAILED: cmTC_0c43c.exe 
cmd.exe /C "cd . && "C:\Program Files\Visual Studio\Common7\IDE\CommonExtensions\Microsoft\CMake\CMake\bin\cmake.exe" -E vs_link_exe --intdir=CMakeFiles\cmTC_0c43c.dir --rc="D:\Visual Studio\bin\10.0.18362.0\x64\rc.exe" --mt="D:\Visual Studio\bin\10.0.18362.0\x64\mt.exe" --manifests  -- C:\PROGRA~2\MICROS~1\2019\COMMUN~1\VC\Tools\MSVC\1421~1.277\bin\Hostx64\x64\link.exe /nologo CMakeFiles\cmTC_0c43c.dir\testCCompiler.c.obj  /out:cmTC_0c43c.exe /implib:cmTC_0c43c.lib /pdb:cmTC_0c43c.pdb /version:0.0  /machine:x64  /debug /INCREMENTAL /subsystem:console  kernel32.lib user32.lib gdi32.lib winspool.lib shell32.lib ole32.lib oleaut32.lib uuid.lib comdlg32.lib advapi32.lib && cd ."
RC Pass 1: command "D:\Visual Studio\bin\10.0.18362.0\x64\rc.exe /foCMakeFiles\cmTC_0c43c.dir/manifest.res CMakeFiles\cmTC_0c43c.dir/manifest.rc" failed (exit code 0) with the following output:
ç³»ç»Ÿæ‰¾ä¸åˆ°æŒ‡å®šçš„æ–‡ä»¶ã€‚
ninja: build stopped: subcommand failed.


