Compiling the C compiler identification source file "CMakeCCompilerId.c" failed.
Compiler: C:/Program Files/Visual Studio/VC/Tools/MSVC/14.22.27905/bin/HostX64/x64/cl.exe 
Build flags: /DWIN32;/D_WINDOWS;/W3
Id flags:  

The output was:
2
ÓÃÓÚ x64 µÄ Microsoft (R) C/C++ ÓÅ»¯±àÒëÆ÷ 19.22.27905 °æ
°æÈ¨ËùÓĞ(C) Microsoft Corporation¡£±£ÁôËùÓĞÈ¨Àû¡£

CMakeCCompilerId.c
Microsoft (R) Incremental Linker Version 14.22.27905.0
Copyright (C) Microsoft Corporation.  All rights reserved.

/out:CMakeCCompilerId.exe 
CMakeCCompilerId.obj 
LINK : fatal error LNK1104: ÎŞ·¨´ò¿ªÎÄ¼ş¡°kernel32.lib¡±


Compiling the CXX compiler identification source file "CMakeCXXCompilerId.cpp" failed.
Compiler: C:/Program Files/Visual Studio/VC/Tools/MSVC/14.22.27905/bin/HostX64/x64/cl.exe 
Build flags: /DWIN32;/D_WINDOWS;/W3;/GR;/EHsc
Id flags:  

The output was:
2
ÓÃÓÚ x64 µÄ Microsoft (R) C/C++ ÓÅ»¯±àÒëÆ÷ 19.22.27905 °æ
°æÈ¨ËùÓĞ(C) Microsoft Corporation¡£±£ÁôËùÓĞÈ¨Àû¡£

CMakeCXXCompilerId.cpp
Microsoft (R) Incremental Linker Version 14.22.27905.0
Copyright (C) Microsoft Corporation.  All rights reserved.

/out:CMakeCXXCompilerId.exe 
CMakeCXXCompilerId.obj 
LINK : fatal error LNK1104: ÎŞ·¨´ò¿ªÎÄ¼ş¡°kernel32.lib¡±


Determining if the C compiler works failed with the following output:
Change Dir: D:/Truman-CS180-Course/lab02a/out/build/x64-Debug/CMakeFiles/CMakeTmp

Run Build Command(s):C:/Program Files/Visual Studio/Common7/IDE/CommonExtensions/Microsoft/CMake/Ninja/ninja.exe cmTC_5d48a 
[1/2] Building C object CMakeFiles\cmTC_5d48a.dir\testCCompiler.c.obj
[2/2] Linking C executable cmTC_5d48a.exe
FAILED: cmTC_5d48a.exe 
cmd.exe /C "cd . && "C:\Program Files\Visual Studio\Common7\IDE\CommonExtensions\Microsoft\CMake\CMake\bin\cmake.exe" -E vs_link_exe --intdir=CMakeFiles\cmTC_5d48a.dir --rc="D:\Visual Studio\bin\10.0.18362.0\x64\rc.exe" --mt="D:\Visual Studio\bin\10.0.18362.0\x64\mt.exe" --manifests  -- C:\PROGRA~2\MICROS~1\2019\COMMUN~1\VC\Tools\MSVC\1421~1.277\bin\Hostx64\x64\link.exe /nologo CMakeFiles\cmTC_5d48a.dir\testCCompiler.c.obj  /out:cmTC_5d48a.exe /implib:cmTC_5d48a.lib /pdb:cmTC_5d48a.pdb /version:0.0  /machine:x64  /debug /INCREMENTAL /subsystem:console  kernel32.lib user32.lib gdi32.lib winspool.lib shell32.lib ole32.lib oleaut32.lib uuid.lib comdlg32.lib advapi32.lib && cd ."
RC Pass 1: command "D:\Visual Studio\bin\10.0.18362.0\x64\rc.exe /foCMakeFiles\cmTC_5d48a.dir/manifest.res CMakeFiles\cmTC_5d48a.dir/manifest.rc" failed (exit code 0) with the following output:
ç³»ç»Ÿæ‰¾ä¸åˆ°æŒ‡å®šçš„æ–‡ä»¶ã€‚
ninja: build stopped: subcommand failed.


Compiling the C compiler identification source file "CMakeCCompilerId.c" failed.
Compiler: C:/Program Files/Visual Studio/VC/Tools/MSVC/14.22.27905/bin/HostX64/x64/cl.exe 
Build flags: /DWIN32;/D_WINDOWS;/W3
Id flags:  

The output was:
2
ÓÃÓÚ x64 µÄ Microsoft (R) C/C++ ÓÅ»¯±àÒëÆ÷ 19.22.27905 °æ
°æÈ¨ËùÓĞ(C) Microsoft Corporation¡£±£ÁôËùÓĞÈ¨Àû¡£

CMakeCCompilerId.c
Microsoft (R) Incremental Linker Version 14.22.27905.0
Copyright (C) Microsoft Corporation.  All rights reserved.

/out:CMakeCCompilerId.exe 
CMakeCCompilerId.obj 
LINK : fatal error LNK1104: ÎŞ·¨´ò¿ªÎÄ¼ş¡°kernel32.lib¡±


Compiling the CXX compiler identification source file "CMakeCXXCompilerId.cpp" failed.
Compiler: C:/Program Files/Visual Studio/VC/Tools/MSVC/14.22.27905/bin/HostX64/x64/cl.exe 
Build flags: /DWIN32;/D_WINDOWS;/W3;/GR;/EHsc
Id flags:  

The output was:
2
ÓÃÓÚ x64 µÄ Microsoft (R) C/C++ ÓÅ»¯±àÒëÆ÷ 19.22.27905 °æ
°æÈ¨ËùÓĞ(C) Microsoft Corporation¡£±£ÁôËùÓĞÈ¨Àû¡£

CMakeCXXCompilerId.cpp
Microsoft (R) Incremental Linker Version 14.22.27905.0
Copyright (C) Microsoft Corporation.  All rights reserved.

/out:CMakeCXXCompilerId.exe 
CMakeCXXCompilerId.obj 
LINK : fatal error LNK1104: ÎŞ·¨´ò¿ªÎÄ¼ş¡°kernel32.lib¡±


Determining if the C compiler works failed with the following output:
Change Dir: D:/Truman-CS180-Course/lab02a/out/build/x64-Debug/CMakeFiles/CMakeTmp

Run Build Command(s):C:/Program Files/Visual Studio/Common7/IDE/CommonExtensions/Microsoft/CMake/Ninja/ninja.exe cmTC_0e5ef 
[1/2] Building C object CMakeFiles\cmTC_0e5ef.dir\testCCompiler.c.obj
[2/2] Linking C executable cmTC_0e5ef.exe
FAILED: cmTC_0e5ef.exe 
cmd.exe /C "cd . && "C:\Program Files\Visual Studio\Common7\IDE\CommonExtensions\Microsoft\CMake\CMake\bin\cmake.exe" -E vs_link_exe --intdir=CMakeFiles\cmTC_0e5ef.dir --rc="D:\Visual Studio\bin\10.0.18362.0\x64\rc.exe" --mt="D:\Visual Studio\bin\10.0.18362.0\x64\mt.exe" --manifests  -- C:\PROGRA~2\MICROS~1\2019\COMMUN~1\VC\Tools\MSVC\1421~1.277\bin\Hostx64\x64\link.exe /nologo CMakeFiles\cmTC_0e5ef.dir\testCCompiler.c.obj  /out:cmTC_0e5ef.exe /implib:cmTC_0e5ef.lib /pdb:cmTC_0e5ef.pdb /version:0.0  /machine:x64  /debug /INCREMENTAL /subsystem:console  kernel32.lib user32.lib gdi32.lib winspool.lib shell32.lib ole32.lib oleaut32.lib uuid.lib comdlg32.lib advapi32.lib && cd ."
RC Pass 1: command "D:\Visual Studio\bin\10.0.18362.0\x64\rc.exe /foCMakeFiles\cmTC_0e5ef.dir/manifest.res CMakeFiles\cmTC_0e5ef.dir/manifest.rc" failed (exit code 0) with the following output:
ç³»ç»Ÿæ‰¾ä¸åˆ°æŒ‡å®šçš„æ–‡ä»¶ã€‚
ninja: build stopped: subcommand failed.


Compiling the C compiler identification source file "CMakeCCompilerId.c" failed.
Compiler: C:/Program Files/Visual Studio/VC/Tools/MSVC/14.22.27905/bin/HostX64/x64/cl.exe 
Build flags: /DWIN32;/D_WINDOWS;/W3
Id flags:  

The output was:
2
ÓÃÓÚ x64 µÄ Microsoft (R) C/C++ ÓÅ»¯±àÒëÆ÷ 19.22.27905 °æ
°æÈ¨ËùÓĞ(C) Microsoft Corporation¡£±£ÁôËùÓĞÈ¨Àû¡£

CMakeCCompilerId.c
Microsoft (R) Incremental Linker Version 14.22.27905.0
Copyright (C) Microsoft Corporation.  All rights reserved.

/out:CMakeCCompilerId.exe 
CMakeCCompilerId.obj 
LINK : fatal error LNK1104: ÎŞ·¨´ò¿ªÎÄ¼ş¡°kernel32.lib¡±


Compiling the CXX compiler identification source file "CMakeCXXCompilerId.cpp" failed.
Compiler: C:/Program Files/Visual Studio/VC/Tools/MSVC/14.22.27905/bin/HostX64/x64/cl.exe 
Build flags: /DWIN32;/D_WINDOWS;/W3;/GR;/EHsc
Id flags:  

The output was:
2
ÓÃÓÚ x64 µÄ Microsoft (R) C/C++ ÓÅ»¯±àÒëÆ÷ 19.22.27905 °æ
°æÈ¨ËùÓĞ(C) Microsoft Corporation¡£±£ÁôËùÓĞÈ¨Àû¡£

CMakeCXXCompilerId.cpp
Microsoft (R) Incremental Linker Version 14.22.27905.0
Copyright (C) Microsoft Corporation.  All rights reserved.

/out:CMakeCXXCompilerId.exe 
CMakeCXXCompilerId.obj 
LINK : fatal error LNK1104: ÎŞ·¨´ò¿ªÎÄ¼ş¡°kernel32.lib¡±


Determining if the C compiler works failed with the following output:
Change Dir: D:/Truman-CS180-Course/lab02a/out/build/x64-Debug/CMakeFiles/CMakeTmp

Run Build Command(s):C:/Program Files/Visual Studio/Common7/IDE/CommonExtensions/Microsoft/CMake/Ninja/ninja.exe cmTC_e6d38 
[1/2] Building C object CMakeFiles\cmTC_e6d38.dir\testCCompiler.c.obj
[2/2] Linking C executable cmTC_e6d38.exe
FAILED: cmTC_e6d38.exe 
cmd.exe /C "cd . && "C:\Program Files\Visual Studio\Common7\IDE\CommonExtensions\Microsoft\CMake\CMake\bin\cmake.exe" -E vs_link_exe --intdir=CMakeFiles\cmTC_e6d38.dir --rc="D:\Visual Studio\bin\10.0.18362.0\x64\rc.exe" --mt="D:\Visual Studio\bin\10.0.18362.0\x64\mt.exe" --manifests  -- C:\PROGRA~2\MICROS~1\2019\COMMUN~1\VC\Tools\MSVC\1421~1.277\bin\Hostx64\x64\link.exe /nologo CMakeFiles\cmTC_e6d38.dir\testCCompiler.c.obj  /out:cmTC_e6d38.exe /implib:cmTC_e6d38.lib /pdb:cmTC_e6d38.pdb /version:0.0  /machine:x64  /debug /INCREMENTAL /subsystem:console  kernel32.lib user32.lib gdi32.lib winspool.lib shell32.lib ole32.lib oleaut32.lib uuid.lib comdlg32.lib advapi32.lib && cd ."
RC Pass 1: command "D:\Visual Studio\bin\10.0.18362.0\x64\rc.exe /foCMakeFiles\cmTC_e6d38.dir/manifest.res CMakeFiles\cmTC_e6d38.dir/manifest.rc" failed (exit code 0) with the following output:
ç³»ç»Ÿæ‰¾ä¸åˆ°æŒ‡å®šçš„æ–‡ä»¶ã€‚
ninja: build stopped: subcommand failed.


Compiling the C compiler identification source file "CMakeCCompilerId.c" failed.
Compiler: C:/Program Files/Visual Studio/VC/Tools/MSVC/14.22.27905/bin/HostX64/x64/cl.exe 
Build flags: /DWIN32;/D_WINDOWS;/W3
Id flags:  

The output was:
2
ÓÃÓÚ x64 µÄ Microsoft (R) C/C++ ÓÅ»¯±àÒëÆ÷ 19.22.27905 °æ
°æÈ¨ËùÓĞ(C) Microsoft Corporation¡£±£ÁôËùÓĞÈ¨Àû¡£

CMakeCCompilerId.c
Microsoft (R) Incremental Linker Version 14.22.27905.0
Copyright (C) Microsoft Corporation.  All rights reserved.

/out:CMakeCCompilerId.exe 
CMakeCCompilerId.obj 
LINK : fatal error LNK1104: ÎŞ·¨´ò¿ªÎÄ¼ş¡°kernel32.lib¡±


Compiling the CXX compiler identification source file "CMakeCXXCompilerId.cpp" failed.
Compiler: C:/Program Files/Visual Studio/VC/Tools/MSVC/14.22.27905/bin/HostX64/x64/cl.exe 
Build flags: /DWIN32;/D_WINDOWS;/W3;/GR;/EHsc
Id flags:  

The output was:
2
ÓÃÓÚ x64 µÄ Microsoft (R) C/C++ ÓÅ»¯±àÒëÆ÷ 19.22.27905 °æ
°æÈ¨ËùÓĞ(C) Microsoft Corporation¡£±£ÁôËùÓĞÈ¨Àû¡£

CMakeCXXCompilerId.cpp
Microsoft (R) Incremental Linker Version 14.22.27905.0
Copyright (C) Microsoft Corporation.  All rights reserved.

/out:CMakeCXXCompilerId.exe 
CMakeCXXCompilerId.obj 
LINK : fatal error LNK1104: ÎŞ·¨´ò¿ªÎÄ¼ş¡°kernel32.lib¡±


Determining if the C compiler works failed with the following output:
Change Dir: D:/Truman-CS180-Course/lab02a/out/build/x64-Debug/CMakeFiles/CMakeTmp

Run Build Command(s):C:/Program Files/Visual Studio/Common7/IDE/CommonExtensions/Microsoft/CMake/Ninja/ninja.exe cmTC_82941 
[1/2] Building C object CMakeFiles\cmTC_82941.dir\testCCompiler.c.obj
[2/2] Linking C executable cmTC_82941.exe
FAILED: cmTC_82941.exe 
cmd.exe /C "cd . && "C:\Program Files\Visual Studio\Common7\IDE\CommonExtensions\Microsoft\CMake\CMake\bin\cmake.exe" -E vs_link_exe --intdir=CMakeFiles\cmTC_82941.dir --rc="D:\Visual Studio\bin\10.0.18362.0\x64\rc.exe" --mt="D:\Visual Studio\bin\10.0.18362.0\x64\mt.exe" --manifests  -- C:\PROGRA~2\MICROS~1\2019\COMMUN~1\VC\Tools\MSVC\1421~1.277\bin\Hostx64\x64\link.exe /nologo CMakeFiles\cmTC_82941.dir\testCCompiler.c.obj  /out:cmTC_82941.exe /implib:cmTC_82941.lib /pdb:cmTC_82941.pdb /version:0.0  /machine:x64  /debug /INCREMENTAL /subsystem:console  kernel32.lib user32.lib gdi32.lib winspool.lib shell32.lib ole32.lib oleaut32.lib uuid.lib comdlg32.lib advapi32.lib && cd ."
RC Pass 1: command "D:\Visual Studio\bin\10.0.18362.0\x64\rc.exe /foCMakeFiles\cmTC_82941.dir/manifest.res CMakeFiles\cmTC_82941.dir/manifest.rc" failed (exit code 0) with the following output:
ç³»ç»Ÿæ‰¾ä¸åˆ°æŒ‡å®šçš„æ–‡ä»¶ã€‚
ninja: build stopped: subcommand failed.


Compiling the C compiler identification source file "CMakeCCompilerId.c" failed.
Compiler: C:/Program Files/Visual Studio/VC/Tools/MSVC/14.22.27905/bin/HostX64/x64/cl.exe 
Build flags: /DWIN32;/D_WINDOWS;/W3
Id flags:  

The output was:
2
ÓÃÓÚ x64 µÄ Microsoft (R) C/C++ ÓÅ»¯±àÒëÆ÷ 19.22.27905 °æ
°æÈ¨ËùÓĞ(C) Microsoft Corporation¡£±£ÁôËùÓĞÈ¨Àû¡£

CMakeCCompilerId.c
Microsoft (R) Incremental Linker Version 14.22.27905.0
Copyright (C) Microsoft Corporation.  All rights reserved.

/out:CMakeCCompilerId.exe 
CMakeCCompilerId.obj 
LINK : fatal error LNK1104: ÎŞ·¨´ò¿ªÎÄ¼ş¡°kernel32.lib¡±


Compiling the CXX compiler identification source file "CMakeCXXCompilerId.cpp" failed.
Compiler: C:/Program Files/Visual Studio/VC/Tools/MSVC/14.22.27905/bin/HostX64/x64/cl.exe 
Build flags: /DWIN32;/D_WINDOWS;/W3;/GR;/EHsc
Id flags:  

The output was:
2
ÓÃÓÚ x64 µÄ Microsoft (R) C/C++ ÓÅ»¯±àÒëÆ÷ 19.22.27905 °æ
°æÈ¨ËùÓĞ(C) Microsoft Corporation¡£±£ÁôËùÓĞÈ¨Àû¡£

CMakeCXXCompilerId.cpp
Microsoft (R) Incremental Linker Version 14.22.27905.0
Copyright (C) Microsoft Corporation.  All rights reserved.

/out:CMakeCXXCompilerId.exe 
CMakeCXXCompilerId.obj 
LINK : fatal error LNK1104: ÎŞ·¨´ò¿ªÎÄ¼ş¡°kernel32.lib¡±


Determining if the C compiler works failed with the following output:
Change Dir: D:/Truman-CS180-Course/lab02a/out/build/x64-Debug/CMakeFiles/CMakeTmp

Run Build Command(s):C:/Program Files/Visual Studio/Common7/IDE/CommonExtensions/Microsoft/CMake/Ninja/ninja.exe cmTC_f208a 
[1/2] Building C object CMakeFiles\cmTC_f208a.dir\testCCompiler.c.obj
[2/2] Linking C executable cmTC_f208a.exe
FAILED: cmTC_f208a.exe 
cmd.exe /C "cd . && "C:\Program Files\Visual Studio\Common7\IDE\CommonExtensions\Microsoft\CMake\CMake\bin\cmake.exe" -E vs_link_exe --intdir=CMakeFiles\cmTC_f208a.dir --rc="D:\Visual Studio\bin\10.0.18362.0\x64\rc.exe" --mt="D:\Visual Studio\bin\10.0.18362.0\x64\mt.exe" --manifests  -- C:\PROGRA~2\MICROS~1\2019\COMMUN~1\VC\Tools\MSVC\1421~1.277\bin\Hostx64\x64\link.exe /nologo CMakeFiles\cmTC_f208a.dir\testCCompiler.c.obj  /out:cmTC_f208a.exe /implib:cmTC_f208a.lib /pdb:cmTC_f208a.pdb /version:0.0  /machine:x64  /debug /INCREMENTAL /subsystem:console  kernel32.lib user32.lib gdi32.lib winspool.lib shell32.lib ole32.lib oleaut32.lib uuid.lib comdlg32.lib advapi32.lib && cd ."
RC Pass 1: command "D:\Visual Studio\bin\10.0.18362.0\x64\rc.exe /foCMakeFiles\cmTC_f208a.dir/manifest.res CMakeFiles\cmTC_f208a.dir/manifest.rc" failed (exit code 0) with the following output:
ç³»ç»Ÿæ‰¾ä¸åˆ°æŒ‡å®šçš„æ–‡ä»¶ã€‚
ninja: build stopped: subcommand failed.


